# JRE version: OpenJDK Runtime Environment (8.0_242-b01) (build 1.8.0_242-release-1644-b01)
# Java VM: OpenJDK 64-Bit Server VM (25.242-b01 mixed mode windows-amd64 compressed oops)
Heap:
 PSYoungGen      total 212992K, used 103843K [0x00000000d5580000, 0x00000000e4680000, 0x0000000100000000)
  eden space 193536K, 53% used [0x00000000d5580000,0x00000000dbb19680,0x00000000e1280000)
  from space 19456K, 0% used [0x00000000e3380000,0x00000000e3380000,0x00000000e4680000)
  to   space 26112K, 0% used [0x00000000e1380000,0x00000000e1380000,0x00000000e2d00000)
 ParOldGen       total 208896K, used 58824K [0x0000000080000000, 0x000000008cc00000, 0x00000000d5580000)
  object space 208896K, 28% used [0x0000000080000000,0x0000000083972230,0x000000008cc00000)
 Metaspace       used 96617K, capacity 101466K, committed 102568K, reserved 1138688K
  class space    used 12876K, capacity 13793K, committed 13992K, reserved 1048576K
GC Heap History (10 events):
Event: 11.380 GC heap before
{Heap before GC invocations=16 (full 3):
 PSYoungGen      total 194560K, used 177664K [0x00000000d5580000, 0x00000000e3400000, 0x0000000100000000)
  eden space 177664K, 100% used [0x00000000d5580000,0x00000000e0300000,0x00000000e0300000)
  from space 16896K, 0% used [0x00000000e1380000,0x00000000e1380000,0x00000000e2400000)
  to   space 16896K, 0% used [0x00000000e0300000,0x00000000e0300000,0x00000000e1380000)
 ParOldGen       total 134656K, used 31890K [0x0000000080000000, 0x0000000088380000, 0x00000000d5580000)
  object space 134656K, 23% used [0x0000000080000000,0x0000000081f24a58,0x0000000088380000)
 Metaspace       used 67134K, capacity 69820K, committed 70056K, reserved 1110016K
  class space    used 9287K, capacity 9827K, committed 9896K, reserved 1048576K
Event: 11.397 GC heap after
Heap after GC invocations=16 (full 3):
 PSYoungGen      total 194560K, used 16891K [0x00000000d5580000, 0x00000000e4b80000, 0x0000000100000000)
  eden space 177664K, 0% used [0x00000000d5580000,0x00000000d5580000,0x00000000e0300000)
  from space 16896K, 99% used [0x00000000e0300000,0x00000000e137ee68,0x00000000e1380000)
  to   space 19456K, 0% used [0x00000000e3880000,0x00000000e3880000,0x00000000e4b80000)
 ParOldGen       total 134656K, used 32149K [0x0000000080000000, 0x0000000088380000, 0x00000000d5580000)
  object space 134656K, 23% used [0x0000000080000000,0x0000000081f65778,0x0000000088380000)
 Metaspace       used 67134K, capacity 69820K, committed 70056K, reserved 1110016K
  class space    used 9287K, capacity 9827K, committed 9896K, reserved 1048576K
}
Event: 2016.553 GC heap before
{Heap before GC invocations=17 (full 3):
 PSYoungGen      total 194560K, used 194555K [0x00000000d5580000, 0x00000000e4b80000, 0x0000000100000000)
  eden space 177664K, 100% used [0x00000000d5580000,0x00000000e0300000,0x00000000e0300000)
  from space 16896K, 99% used [0x00000000e0300000,0x00000000e137ee68,0x00000000e1380000)
  to   space 19456K, 0% used [0x00000000e3880000,0x00000000e3880000,0x00000000e4b80000)
 ParOldGen       total 134656K, used 32149K [0x0000000080000000, 0x0000000088380000, 0x00000000d5580000)
  object space 134656K, 23% used [0x0000000080000000,0x0000000081f65778,0x0000000088380000)
 Metaspace       used 76431K, capacity 80204K, committed 80424K, reserved 1118208K
  class space    used 10282K, capacity 11009K, committed 11048K, reserved 1048576K
Event: 2016.628 GC heap after
Heap after GC invocations=17 (full 3):
 PSYoungGen      total 222208K, used 14322K [0x00000000d5580000, 0x00000000e4780000, 0x0000000100000000)
  eden space 206848K, 0% used [0x00000000d5580000,0x00000000d5580000,0x00000000e1f80000)
  from space 15360K, 93% used [0x00000000e3880000,0x00000000e467cb88,0x00000000e4780000)
  to   space 20480K, 0% used [0x00000000e1f80000,0x00000000e1f80000,0x00000000e3380000)
 ParOldGen       total 134656K, used 42231K [0x0000000080000000, 0x0000000088380000, 0x00000000d5580000)
  object space 134656K, 31% used [0x0000000080000000,0x000000008293de28,0x0000000088380000)
 Metaspace       used 76431K, capacity 80204K, committed 80424K, reserved 1118208K
  class space    used 10282K, capacity 11009K, committed 11048K, reserved 1048576K
}
Event: 2842.171 GC heap before
{Heap before GC invocations=18 (full 3):
 PSYoungGen      total 222208K, used 221170K [0x00000000d5580000, 0x00000000e4780000, 0x0000000100000000)
  eden space 206848K, 100% used [0x00000000d5580000,0x00000000e1f80000,0x00000000e1f80000)
  from space 15360K, 93% used [0x00000000e3880000,0x00000000e467cb88,0x00000000e4780000)
  to   space 20480K, 0% used [0x00000000e1f80000,0x00000000e1f80000,0x00000000e3380000)
 ParOldGen       total 134656K, used 42231K [0x0000000080000000, 0x0000000088380000, 0x00000000d5580000)
  object space 134656K, 31% used [0x0000000080000000,0x000000008293de28,0x0000000088380000)
 Metaspace       used 81171K, capacity 85532K, committed 85800K, reserved 1124352K
  class space    used 10844K, capacity 11723K, committed 11816K, reserved 1048576K
Event: 2842.189 GC heap after
Heap after GC invocations=18 (full 3):
 PSYoungGen      total 220672K, used 20456K [0x00000000d5580000, 0x00000000e4900000, 0x0000000100000000)
  eden space 200192K, 0% used [0x00000000d5580000,0x00000000d5580000,0x00000000e1900000)
  from space 20480K, 99% used [0x00000000e1f80000,0x00000000e337a090,0x00000000e3380000)
  to   space 22016K, 0% used [0x00000000e3380000,0x00000000e3380000,0x00000000e4900000)
 ParOldGen       total 134656K, used 46007K [0x0000000080000000, 0x0000000088380000, 0x00000000d5580000)
  object space 134656K, 34% used [0x0000000080000000,0x0000000082cede40,0x0000000088380000)
 Metaspace       used 81171K, capacity 85532K, committed 85800K, reserved 1124352K
  class space    used 10844K, capacity 11723K, committed 11816K, reserved 1048576K
}
Event: 2846.678 GC heap before
{Heap before GC invocations=19 (full 3):
 PSYoungGen      total 220672K, used 201759K [0x00000000d5580000, 0x00000000e4900000, 0x0000000100000000)
  eden space 200192K, 90% used [0x00000000d5580000,0x00000000e068dea0,0x00000000e1900000)
  from space 20480K, 99% used [0x00000000e1f80000,0x00000000e337a090,0x00000000e3380000)
  to   space 22016K, 0% used [0x00000000e3380000,0x00000000e3380000,0x00000000e4900000)
 ParOldGen       total 134656K, used 46007K [0x0000000080000000, 0x0000000088380000, 0x00000000d5580000)
  object space 134656K, 34% used [0x0000000080000000,0x0000000082cede40,0x0000000088380000)
 Metaspace       used 93208K, capacity 98554K, committed 98600K, reserved 1134592K
  class space    used 12480K, capacity 13476K, committed 13480K, reserved 1048576K
Event: 2846.711 GC heap after
Heap after GC invocations=19 (full 3):
 PSYoungGen      total 212992K, used 19422K [0x00000000d5580000, 0x00000000e4680000, 0x0000000100000000)
  eden space 193536K, 0% used [0x00000000d5580000,0x00000000d5580000,0x00000000e1280000)
  from space 19456K, 99% used [0x00000000e3380000,0x00000000e4677be0,0x00000000e4680000)
  to   space 26112K, 0% used [0x00000000e1380000,0x00000000e1380000,0x00000000e2d00000)
 ParOldGen       total 134656K, used 64783K [0x0000000080000000, 0x0000000088380000, 0x00000000d5580000)
  object space 134656K, 48% used [0x0000000080000000,0x0000000083f43c30,0x0000000088380000)
 Metaspace       used 93208K, capacity 98554K, committed 98600K, reserved 1134592K
  class space    used 12480K, capacity 13476K, committed 13480K, reserved 1048576K
}
Event: 2846.711 GC heap before
{Heap before GC invocations=20 (full 4):
 PSYoungGen      total 212992K, used 19422K [0x00000000d5580000, 0x00000000e4680000, 0x0000000100000000)
  eden space 193536K, 0% used [0x00000000d5580000,0x00000000d5580000,0x00000000e1280000)
  from space 19456K, 99% used [0x00000000e3380000,0x00000000e4677be0,0x00000000e4680000)
  to   space 26112K, 0% used [0x00000000e1380000,0x00000000e1380000,0x00000000e2d00000)
 ParOldGen       total 134656K, used 64783K [0x0000000080000000, 0x0000000088380000, 0x00000000d5580000)
  object space 134656K, 48% used [0x0000000080000000,0x0000000083f43c30,0x0000000088380000)
 Metaspace       used 93208K, capacity 98554K, committed 98600K, reserved 1134592K
  class space    used 12480K, capacity 13476K, committed 13480K, reserved 1048576K
Event: 2846.925 GC heap after
Heap after GC invocations=20 (full 4):
 PSYoungGen      total 212992K, used 0K [0x00000000d5580000, 0x00000000e4680000, 0x0000000100000000)
  eden space 193536K, 0% used [0x00000000d5580000,0x00000000d5580000,0x00000000e1280000)
  from space 19456K, 0% used [0x00000000e3380000,0x00000000e3380000,0x00000000e4680000)
  to   space 26112K, 0% used [0x00000000e1380000,0x00000000e1380000,0x00000000e2d00000)
 ParOldGen       total 208896K, used 58824K [0x0000000080000000, 0x000000008cc00000, 0x00000000d5580000)
  object space 208896K, 28% used [0x0000000080000000,0x0000000083972230,0x000000008cc00000)
 Metaspace       used 92269K, capacity 96144K, committed 98600K, reserved 1134592K
  class space    used 12192K, capacity 12970K, committed 13480K, reserved 1048576K
}

