# JRE version: OpenJDK Runtime Environment (8.0_242-b01) (build 1.8.0_242-release-1644-b01)
# Java VM: OpenJDK 64-Bit Server VM (25.242-b01 mixed mode windows-amd64 compressed oops)
Heap:
 PSYoungGen      total 246784K, used 105306K [0x00000000d5580000, 0x00000000e7e80000, 0x0000000100000000)
  eden space 217088K, 38% used [0x00000000d5580000,0x00000000da643248,0x00000000e2980000)
  from space 29696K, 76% used [0x00000000e2980000,0x00000000e3f93710,0x00000000e4680000)
  to   space 31744K, 0% used [0x00000000e5f80000,0x00000000e5f80000,0x00000000e7e80000)
 ParOldGen       total 210944K, used 59824K [0x0000000080000000, 0x000000008ce00000, 0x00000000d5580000)
  object space 210944K, 28% used [0x0000000080000000,0x0000000083a6c178,0x000000008ce00000)
 Metaspace       used 107491K, capacity 113056K, committed 113304K, reserved 1146880K
  class space    used 14091K, capacity 15162K, committed 15256K, reserved 1048576K
GC Heap History (10 events):
Event: 945.484 GC heap before
{Heap before GC invocations=19 (full 3):
 PSYoungGen      total 226304K, used 226281K [0x00000000d5580000, 0x00000000e7580000, 0x0000000100000000)
  eden space 202240K, 100% used [0x00000000d5580000,0x00000000e1b00000,0x00000000e1b00000)
  from space 24064K, 99% used [0x00000000e1b00000,0x00000000e327a670,0x00000000e3280000)
  to   space 32768K, 0% used [0x00000000e5580000,0x00000000e5580000,0x00000000e7580000)
 ParOldGen       total 133120K, used 54463K [0x0000000080000000, 0x0000000088200000, 0x00000000d5580000)
  object space 133120K, 40% used [0x0000000080000000,0x000000008352fcd0,0x0000000088200000)
 Metaspace       used 92022K, capacity 96502K, committed 96664K, reserved 1132544K
  class space    used 12030K, capacity 12899K, committed 12952K, reserved 1048576K
Event: 945.513 GC heap after
Heap after GC invocations=19 (full 3):
 PSYoungGen      total 207872K, used 12144K [0x00000000d5580000, 0x00000000e6180000, 0x0000000100000000)
  eden space 195584K, 0% used [0x00000000d5580000,0x00000000d5580000,0x00000000e1480000)
  from space 12288K, 98% used [0x00000000e5580000,0x00000000e615c230,0x00000000e6180000)
  to   space 31232K, 0% used [0x00000000e2480000,0x00000000e2480000,0x00000000e4300000)
 ParOldGen       total 133120K, used 72801K [0x0000000080000000, 0x0000000088200000, 0x00000000d5580000)
  object space 133120K, 54% used [0x0000000080000000,0x0000000084718418,0x0000000088200000)
 Metaspace       used 92022K, capacity 96502K, committed 96664K, reserved 1132544K
  class space    used 12030K, capacity 12899K, committed 12952K, reserved 1048576K
}
Event: 947.046 GC heap before
{Heap before GC invocations=20 (full 3):
 PSYoungGen      total 207872K, used 207728K [0x00000000d5580000, 0x00000000e6180000, 0x0000000100000000)
  eden space 195584K, 100% used [0x00000000d5580000,0x00000000e1480000,0x00000000e1480000)
  from space 12288K, 98% used [0x00000000e5580000,0x00000000e615c230,0x00000000e6180000)
  to   space 31232K, 0% used [0x00000000e2480000,0x00000000e2480000,0x00000000e4300000)
 ParOldGen       total 133120K, used 72801K [0x0000000080000000, 0x0000000088200000, 0x00000000d5580000)
  object space 133120K, 54% used [0x0000000080000000,0x0000000084718418,0x0000000088200000)
 Metaspace       used 92334K, capacity 96886K, committed 97048K, reserved 1132544K
  class space    used 12056K, capacity 12963K, committed 13080K, reserved 1048576K
Event: 947.077 GC heap after
Heap after GC invocations=20 (full 3):
 PSYoungGen      total 243200K, used 7504K [0x00000000d5580000, 0x00000000e6480000, 0x0000000100000000)
  eden space 211968K, 0% used [0x00000000d5580000,0x00000000d5580000,0x00000000e2480000)
  from space 31232K, 24% used [0x00000000e2480000,0x00000000e2bd4280,0x00000000e4300000)
  to   space 30720K, 0% used [0x00000000e4680000,0x00000000e4680000,0x00000000e6480000)
 ParOldGen       total 133120K, used 72809K [0x0000000080000000, 0x0000000088200000, 0x00000000d5580000)
  object space 133120K, 54% used [0x0000000080000000,0x000000008471a418,0x0000000088200000)
 Metaspace       used 92334K, capacity 96886K, committed 97048K, reserved 1132544K
  class space    used 12056K, capacity 12963K, committed 13080K, reserved 1048576K
}
Event: 948.525 GC heap before
{Heap before GC invocations=21 (full 3):
 PSYoungGen      total 243200K, used 52435K [0x00000000d5580000, 0x00000000e6480000, 0x0000000100000000)
  eden space 211968K, 21% used [0x00000000d5580000,0x00000000d8160c60,0x00000000e2480000)
  from space 31232K, 24% used [0x00000000e2480000,0x00000000e2bd4280,0x00000000e4300000)
  to   space 30720K, 0% used [0x00000000e4680000,0x00000000e4680000,0x00000000e6480000)
 ParOldGen       total 133120K, used 72809K [0x0000000080000000, 0x0000000088200000, 0x00000000d5580000)
  object space 133120K, 54% used [0x0000000080000000,0x000000008471a418,0x0000000088200000)
 Metaspace       used 93998K, capacity 98544K, committed 98600K, reserved 1134592K
  class space    used 12293K, capacity 13204K, committed 13208K, reserved 1048576K
Event: 948.534 GC heap after
Heap after GC invocations=21 (full 3):
 PSYoungGen      total 247808K, used 7600K [0x00000000d5580000, 0x00000000e7200000, 0x0000000100000000)
  eden space 217088K, 0% used [0x00000000d5580000,0x00000000d5580000,0x00000000e2980000)
  from space 30720K, 24% used [0x00000000e4680000,0x00000000e4dec310,0x00000000e6480000)
  to   space 29696K, 0% used [0x00000000e2980000,0x00000000e2980000,0x00000000e4680000)
 ParOldGen       total 133120K, used 72817K [0x0000000080000000, 0x0000000088200000, 0x00000000d5580000)
  object space 133120K, 54% used [0x0000000080000000,0x000000008471c418,0x0000000088200000)
 Metaspace       used 93998K, capacity 98544K, committed 98600K, reserved 1134592K
  class space    used 12293K, capacity 13204K, committed 13208K, reserved 1048576K
}
Event: 948.534 GC heap before
{Heap before GC invocations=22 (full 4):
 PSYoungGen      total 247808K, used 7600K [0x00000000d5580000, 0x00000000e7200000, 0x0000000100000000)
  eden space 217088K, 0% used [0x00000000d5580000,0x00000000d5580000,0x00000000e2980000)
  from space 30720K, 24% used [0x00000000e4680000,0x00000000e4dec310,0x00000000e6480000)
  to   space 29696K, 0% used [0x00000000e2980000,0x00000000e2980000,0x00000000e4680000)
 ParOldGen       total 133120K, used 72817K [0x0000000080000000, 0x0000000088200000, 0x00000000d5580000)
  object space 133120K, 54% used [0x0000000080000000,0x000000008471c418,0x0000000088200000)
 Metaspace       used 93998K, capacity 98544K, committed 98600K, reserved 1134592K
  class space    used 12293K, capacity 13204K, committed 13208K, reserved 1048576K
Event: 948.814 GC heap after
Heap after GC invocations=22 (full 4):
 PSYoungGen      total 247808K, used 0K [0x00000000d5580000, 0x00000000e7200000, 0x0000000100000000)
  eden space 217088K, 0% used [0x00000000d5580000,0x00000000d5580000,0x00000000e2980000)
  from space 30720K, 0% used [0x00000000e4680000,0x00000000e4680000,0x00000000e6480000)
  to   space 29696K, 0% used [0x00000000e2980000,0x00000000e2980000,0x00000000e4680000)
 ParOldGen       total 210944K, used 59816K [0x0000000080000000, 0x000000008ce00000, 0x00000000d5580000)
  object space 210944K, 28% used [0x0000000080000000,0x0000000083a6a178,0x000000008ce00000)
 Metaspace       used 93623K, capacity 97464K, committed 98600K, reserved 1134592K
  class space    used 12170K, capacity 12988K, committed 13208K, reserved 1048576K
}
Event: 952.144 GC heap before
{Heap before GC invocations=23 (full 4):
 PSYoungGen      total 247808K, used 217088K [0x00000000d5580000, 0x00000000e7200000, 0x0000000100000000)
  eden space 217088K, 100% used [0x00000000d5580000,0x00000000e2980000,0x00000000e2980000)
  from space 30720K, 0% used [0x00000000e4680000,0x00000000e4680000,0x00000000e6480000)
  to   space 29696K, 0% used [0x00000000e2980000,0x00000000e2980000,0x00000000e4680000)
 ParOldGen       total 210944K, used 59816K [0x0000000080000000, 0x000000008ce00000, 0x00000000d5580000)
  object space 210944K, 28% used [0x0000000080000000,0x0000000083a6a178,0x000000008ce00000)
 Metaspace       used 106252K, capacity 111794K, committed 112152K, reserved 1146880K
  class space    used 13953K, capacity 15017K, committed 15128K, reserved 1048576K
Event: 952.167 GC heap after
Heap after GC invocations=23 (full 4):
 PSYoungGen      total 246784K, used 22605K [0x00000000d5580000, 0x00000000e7e80000, 0x0000000100000000)
  eden space 217088K, 0% used [0x00000000d5580000,0x00000000d5580000,0x00000000e2980000)
  from space 29696K, 76% used [0x00000000e2980000,0x00000000e3f93710,0x00000000e4680000)
  to   space 31744K, 0% used [0x00000000e5f80000,0x00000000e5f80000,0x00000000e7e80000)
 ParOldGen       total 210944K, used 59824K [0x0000000080000000, 0x000000008ce00000, 0x00000000d5580000)
  object space 210944K, 28% used [0x0000000080000000,0x0000000083a6c178,0x000000008ce00000)
 Metaspace       used 106252K, capacity 111794K, committed 112152K, reserved 1146880K
  class space    used 13953K, capacity 15017K, committed 15128K, reserved 1048576K
}

